0 info it worked if it ends with ok
1 verbose cli [ '/usr/local/bin/node',
1 verbose cli   '/usr/local/bin/npm',
1 verbose cli   'run',
1 verbose cli   'semantic-release' ]
2 info using npm@3.8.6
3 info using node@v4.4.0
4 verbose run-script [ 'presemantic-release',
4 verbose run-script   'semantic-release',
4 verbose run-script   'postsemantic-release' ]
5 info lifecycle facebook-opening-hours-to-table@~presemantic-release: facebook-opening-hours-to-table@
6 silly lifecycle facebook-opening-hours-to-table@~presemantic-release: no script for presemantic-release, continuing
7 info lifecycle facebook-opening-hours-to-table@~semantic-release: facebook-opening-hours-to-table@
8 verbose lifecycle facebook-opening-hours-to-table@~semantic-release: unsafe-perm in lifecycle true
9 verbose lifecycle facebook-opening-hours-to-table@~semantic-release: PATH: /usr/local/lib/node_modules/npm/bin/node-gyp-bin:/Applications/XAMPP/xamppfiles/htdocs/webdev/facebook-opening-hours-to-table/node_modules/.bin:/usr/local/bin:/usr/local/bin:/usr/bin:/bin:/usr/sbin:/sbin:/opt/X11/bin:/Library/TeX/texbin
10 verbose lifecycle facebook-opening-hours-to-table@~semantic-release: CWD: /Applications/XAMPP/xamppfiles/htdocs/webdev/facebook-opening-hours-to-table
11 silly lifecycle facebook-opening-hours-to-table@~semantic-release: Args: [ '-c',
11 silly lifecycle   'semantic-release pre && npm publish && semantic-release post' ]
12 silly lifecycle facebook-opening-hours-to-table@~semantic-release: Returned: code: 1  signal: null
13 info lifecycle facebook-opening-hours-to-table@~semantic-release: Failed to exec semantic-release script
14 verbose stack Error: facebook-opening-hours-to-table@ semantic-release: `semantic-release pre && npm publish && semantic-release post`
14 verbose stack Exit status 1
14 verbose stack     at EventEmitter.<anonymous> (/usr/local/lib/node_modules/npm/lib/utils/lifecycle.js:239:16)
14 verbose stack     at emitTwo (events.js:87:13)
14 verbose stack     at EventEmitter.emit (events.js:172:7)
14 verbose stack     at ChildProcess.<anonymous> (/usr/local/lib/node_modules/npm/lib/utils/spawn.js:24:14)
14 verbose stack     at emitTwo (events.js:87:13)
14 verbose stack     at ChildProcess.emit (events.js:172:7)
14 verbose stack     at maybeClose (internal/child_process.js:827:16)
14 verbose stack     at Process.ChildProcess._handle.onexit (internal/child_process.js:211:5)
15 verbose pkgid facebook-opening-hours-to-table@
16 verbose cwd /Applications/XAMPP/xamppfiles/htdocs/webdev/facebook-opening-hours-to-table
17 error Darwin 15.5.0
18 error argv "/usr/local/bin/node" "/usr/local/bin/npm" "run" "semantic-release"
19 error node v4.4.0
20 error npm  v3.8.6
21 error code ELIFECYCLE
22 error facebook-opening-hours-to-table@ semantic-release: `semantic-release pre && npm publish && semantic-release post`
22 error Exit status 1
23 error Failed at the facebook-opening-hours-to-table@ semantic-release script 'semantic-release pre && npm publish && semantic-release post'.
23 error Make sure you have the latest version of node.js and npm installed.
23 error If you do, this is most likely a problem with the facebook-opening-hours-to-table package,
23 error not with npm itself.
23 error Tell the author that this fails on your system:
23 error     semantic-release pre && npm publish && semantic-release post
23 error You can get information on how to open an issue for this project with:
23 error     npm bugs facebook-opening-hours-to-table
23 error Or if that isn't available, you can get their info via:
23 error     npm owner ls facebook-opening-hours-to-table
23 error There is likely additional logging output above.
24 verbose exit [ 1, true ]
